  SecureData.cpp
e:\maude\documents\github\oop345\ws9\securedata.cpp(74): error C4996: 'strncpy': This function or variable may be unsafe. Consider using strncpy_s instead. To disable deprecation, use _CRT_SECURE_NO_WARNINGS. See online help for details.
  c:\program files (x86)\windows kits\10\include\10.0.16299.0\ucrt\string.h(337): note: see declaration of 'strncpy'
e:\maude\documents\github\oop345\ws9\securedata.cpp(83): error C4996: 'strcpy': This function or variable may be unsafe. Consider using strcpy_s instead. To disable deprecation, use _CRT_SECURE_NO_WARNINGS. See online help for details.
  c:\program files (x86)\windows kits\10\include\10.0.16299.0\ucrt\string.h(132): note: see declaration of 'strcpy'
e:\maude\documents\github\oop345\ws9\securedata.cpp(106): warning C4244: '=': conversion from 'std::streamoff' to 'int', possible loss of data
c:\program files (x86)\microsoft visual studio\2017\community\vc\tools\msvc\14.12.25827\include\thr\xthread(240): error C2672: 'std::invoke': no matching overloaded function found
  c:\program files (x86)\microsoft visual studio\2017\community\vc\tools\msvc\14.12.25827\include\thr\xthread(248): note: see reference to function template instantiation 'void std::_LaunchPad<_Target>::_Execute<0>(std::tuple<std::_Binder<std::_Unforced,void (__cdecl &)(char *,char,int,const w10::Cryptor &),char &,_Ty &,int &,w10::Cryptor>> &,std::integer_sequence<unsigned int,0>)' being compiled
          with
          [
              _Target=std::unique_ptr<std::tuple<std::_Binder<std::_Unforced,void (__cdecl &)(char *,char,int,const w10::Cryptor &),char &,char *&,int &,w10::Cryptor>>,std::default_delete<std::tuple<std::_Binder<std::_Unforced,void (__cdecl &)(char *,char,int,const w10::Cryptor &),char &,char *&,int &,w10::Cryptor>>>>,
              _Ty=char *
          ]
  c:\program files (x86)\microsoft visual studio\2017\community\vc\tools\msvc\14.12.25827\include\thr\xthread(247): note: see reference to function template instantiation 'void std::_LaunchPad<_Target>::_Execute<0>(std::tuple<std::_Binder<std::_Unforced,void (__cdecl &)(char *,char,int,const w10::Cryptor &),char &,_Ty &,int &,w10::Cryptor>> &,std::integer_sequence<unsigned int,0>)' being compiled
          with
          [
              _Target=std::unique_ptr<std::tuple<std::_Binder<std::_Unforced,void (__cdecl &)(char *,char,int,const w10::Cryptor &),char &,char *&,int &,w10::Cryptor>>,std::default_delete<std::tuple<std::_Binder<std::_Unforced,void (__cdecl &)(char *,char,int,const w10::Cryptor &),char &,char *&,int &,w10::Cryptor>>>>,
              _Ty=char *
          ]
  c:\program files (x86)\microsoft visual studio\2017\community\vc\tools\msvc\14.12.25827\include\thr\xthread(244): note: while compiling class template member function 'void std::_LaunchPad<_Target>::_Run(std::_LaunchPad<_Target> *) noexcept'
          with
          [
              _Target=std::unique_ptr<std::tuple<std::_Binder<std::_Unforced,void (__cdecl &)(char *,char,int,const w10::Cryptor &),char &,char *&,int &,w10::Cryptor>>,std::default_delete<std::tuple<std::_Binder<std::_Unforced,void (__cdecl &)(char *,char,int,const w10::Cryptor &),char &,char *&,int &,w10::Cryptor>>>>
          ]
  c:\program files (x86)\microsoft visual studio\2017\community\vc\tools\msvc\14.12.25827\include\thr\xthread(232): note: see reference to function template instantiation 'void std::_LaunchPad<_Target>::_Run(std::_LaunchPad<_Target> *) noexcept' being compiled
          with
          [
              _Target=std::unique_ptr<std::tuple<std::_Binder<std::_Unforced,void (__cdecl &)(char *,char,int,const w10::Cryptor &),char &,char *&,int &,w10::Cryptor>>,std::default_delete<std::tuple<std::_Binder<std::_Unforced,void (__cdecl &)(char *,char,int,const w10::Cryptor &),char &,char *&,int &,w10::Cryptor>>>>
          ]
  c:\program files (x86)\microsoft visual studio\2017\community\vc\tools\msvc\14.12.25827\include\thr\xthread(259): note: see reference to class template instantiation 'std::_LaunchPad<_Target>' being compiled
          with
          [
              _Target=std::unique_ptr<std::tuple<std::_Binder<std::_Unforced,void (__cdecl &)(char *,char,int,const w10::Cryptor &),char &,char *&,int &,w10::Cryptor>>,std::default_delete<std::tuple<std::_Binder<std::_Unforced,void (__cdecl &)(char *,char,int,const w10::Cryptor &),char &,char *&,int &,w10::Cryptor>>>>
          ]
  c:\program files (x86)\microsoft visual studio\2017\community\vc\tools\msvc\14.12.25827\include\thread(45): note: see reference to function template instantiation 'void std::_Launch<std::unique_ptr<std::tuple<std::_Binder<std::_Unforced,void (__cdecl &)(char *,char,int,const w10::Cryptor &),char &,_Ty &,int &,w10::Cryptor>>,std::default_delete<std::tuple<std::_Binder<std::_Unforced,void (__cdecl &)(char *,char,int,const w10::Cryptor &),char &,_Ty &,int &,w10::Cryptor>>>>>(_Thrd_t *,_Target &&)' being compiled
          with
          [
              _Ty=char *,
              _Target=std::unique_ptr<std::tuple<std::_Binder<std::_Unforced,void (__cdecl &)(char *,char,int,const w10::Cryptor &),char &,char *&,int &,w10::Cryptor>>,std::default_delete<std::tuple<std::_Binder<std::_Unforced,void (__cdecl &)(char *,char,int,const w10::Cryptor &),char &,char *&,int &,w10::Cryptor>>>>
          ]
  e:\maude\documents\github\oop345\ws9\securedata.cpp(76): note: see reference to function template instantiation 'std::thread::thread<std::_Binder<std::_Unforced,void (__cdecl &)(char *,char,int,const w10::Cryptor &),char &,_Ty &,int &,w10::Cryptor>,,void>(_Fn &&)' being compiled
          with
          [
              _Ty=char *,
              _Fn=std::_Binder<std::_Unforced,void (__cdecl &)(char *,char,int,const w10::Cryptor &),char &,char *&,int &,w10::Cryptor>
          ]
c:\program files (x86)\microsoft visual studio\2017\community\vc\tools\msvc\14.12.25827\include\thr\xthread(239): error C2893: Failed to specialize function template 'unknown-type std::invoke(_Callable &&,_Types &&...) noexcept(<expr>)'
  c:\program files (x86)\microsoft visual studio\2017\community\vc\tools\msvc\14.12.25827\include\thr\xthread(239): note: With the following template arguments:
  c:\program files (x86)\microsoft visual studio\2017\community\vc\tools\msvc\14.12.25827\include\thr\xthread(239): note: '_Callable=std::_Binder<std::_Unforced,void (__cdecl &)(char *,char,int,const w10::Cryptor &),char &,_Ty &,int &,w10::Cryptor>'
  c:\program files (x86)\microsoft visual studio\2017\community\vc\tools\msvc\14.12.25827\include\thr\xthread(239): note: '_Types={}'
