  w7.cpp
e:\maude\documents\github\oop345\ws7\datatable.h(81): warning C4244: 'initializing': conversion from 'double' to 'float', possible loss of data
  e:\maude\documents\github\oop345\ws7\datatable.h(80): note: while compiling class template member function 'void w7::DataTable<float>::regression(T &,T &) const'
          with
          [
              T=float
          ]
  e:\maude\documents\github\oop345\ws7\w7.cpp(34): note: see reference to function template instantiation 'void w7::DataTable<float>::regression(T &,T &) const' being compiled
          with
          [
              T=float
          ]
  e:\maude\documents\github\oop345\ws7\w7.cpp(28): note: see reference to class template instantiation 'w7::DataTable<float>' being compiled
e:\maude\documents\github\oop345\ws7\datatable.h(82): warning C4244: 'initializing': conversion from 'double' to 'float', possible loss of data
e:\maude\documents\github\oop345\ws7\datatable.h(83): warning C4244: 'initializing': conversion from 'double' to 'float', possible loss of data
e:\maude\documents\github\oop345\ws7\datatable.h(84): warning C4244: 'initializing': conversion from 'double' to 'float', possible loss of data
e:\maude\documents\github\oop345\ws7\datatable.h(85): warning C4244: 'initializing': conversion from 'unsigned int' to 'float', possible loss of data
e:\maude\documents\github\oop345\ws7\datatable.h(64): warning C4244: 'initializing': conversion from 'double' to 'float', possible loss of data
  e:\maude\documents\github\oop345\ws7\datatable.h(62): note: while compiling class template member function 'float w7::DataTable<float>::sigma(void) const'
  e:\maude\documents\github\oop345\ws7\w7.cpp(39): note: see reference to function template instantiation 'float w7::DataTable<float>::sigma(void) const' being compiled
e:\maude\documents\github\oop345\ws7\datatable.h(56): warning C4244: 'initializing': conversion from 'double' to 'float', possible loss of data
  e:\maude\documents\github\oop345\ws7\datatable.h(55): note: while compiling class template member function 'float w7::DataTable<float>::mean(void) const'
  e:\maude\documents\github\oop345\ws7\w7.cpp(39): note: see reference to function template instantiation 'float w7::DataTable<float>::mean(void) const' being compiled
c:\program files (x86)\microsoft visual studio\2017\community\vc\tools\msvc\14.12.25827\include\numeric(25): warning C4244: 'argument': conversion from 'double' to 'float', possible loss of data
  e:\maude\documents\github\oop345\ws7\datatable.h(82): note: see reference to function template instantiation '_Ty std::accumulate<std::_Vector_const_iterator<std::_Vector_val<std::_Simple_types<float>>>,double,w7::DataTable<float>::regression::<lambda_7bc4e09739a00a72f733138fd903b471>>(_InIt,_InIt,_Ty,_Fn)' being compiled
          with
          [
              _Ty=double,
              _InIt=std::_Vector_const_iterator<std::_Vector_val<std::_Simple_types<float>>>,
              _Fn=w7::DataTable<float>::regression::<lambda_7bc4e09739a00a72f733138fd903b471>
          ]
  e:\maude\documents\github\oop345\ws7\datatable.h(80): note: while compiling class template member function 'void w7::DataTable<float>::regression(T &,T &) const'
          with
          [
              T=float
          ]
  e:\maude\documents\github\oop345\ws7\w7.cpp(34): note: see reference to function template instantiation 'void w7::DataTable<float>::regression(T &,T &) const' being compiled
          with
          [
              T=float
          ]
e:\maude\documents\github\oop345\ws7\datatable.h(99): warning C4018: '<': signed/unsigned mismatch
  e:\maude\documents\github\oop345\ws7\datatable.h(93): note: while compiling class template member function 'void w7::DataTable<float>::display(std::ostream &) const'
  e:\maude\documents\github\oop345\ws7\datatable.h(115): note: see reference to function template instantiation 'void w7::DataTable<float>::display(std::ostream &) const' being compiled
  WS7.vcxproj -> E:\maude\Documents\Github\OOP345\WS7\Debug\WS7.exe
